Archivo: prueba.cpp
09/10/2022 04:25:00 p. m.
altura 2 
i = altura = 6
i 0 
j = 0 = 0
j altura i - j 2 j altura i - j 2 i 0 
j = 0 = 0
j altura i - j 2 j altura i - j 2 j altura i - j 2 i 0 
j = 0 = 0
j altura i - j 2 j altura i - j 2 j altura i - j 2 j altura i - j 2 i 0 
j = 0 = 0
j altura i - j 2 j altura i - j 2 j altura i - j 2 j altura i - j 2 j altura i - j 2 i 0 
j = 0 = 0
j altura i - j 2 j altura i - j 2 j altura i - j 2 j altura i - j 2 j altura i - j 2 j altura i - j 2 i 0 
j = 0 = 0
j altura i - j 2 j altura i - j 2 j altura i - j 2 j altura i - j 2 j altura i - j 2 j altura i - j 2 j altura i - j 2 i 0 
j = 0 = 0
j altura i - j 2 1 1 2 2 
a = 256 = 256
a 
y = a = 0
y 
y = a = 256
Error de semantica, no podemos asignar un <Int> a un <Char> en la linea 45
